[16:39:00] [Server thread/INFO]: Starting minecraft server version 1.11.2
[16:39:00] [Server thread/INFO]: Loading properties
[16:39:00] [Server thread/INFO]: Default game type: SURVIVAL
[16:39:00] [Server thread/INFO]: Generating keypair
[16:39:00] [Server thread/INFO]: Starting Minecraft server on *:25565
[16:39:00] [Server thread/INFO]: Using default channel type
[16:39:00] [Server thread/INFO]: This server is running CraftBukkit version git-Bukkit-1c3428e (MC: 1.11.2) (Implementing API version 1.11.2-R0.1-SNAPSHOT)
[16:39:00] [Server thread/INFO]: [RaspberryJuice] Loading RaspberryJuice v1.9
[16:39:00] [Server thread/INFO]: Preparing level "world"
[16:39:00] [Server thread/INFO]: Preparing start region for level 0 (Seed: 1481745059312848411)
[16:39:01] [Server thread/INFO]: Preparing spawn area: 52%
[16:39:02] [Server thread/INFO]: Preparing start region for level 1 (Seed: 1481745059312848411)
[16:39:02] [Server thread/INFO]: Preparing start region for level 2 (Seed: 1481745059312848411)
[16:39:03] [Server thread/INFO]: [RaspberryJuice] Enabling RaspberryJuice v1.9
[16:39:03] [Server thread/INFO]: [RaspberryJuice] Using port 4711
[16:39:03] [Server thread/INFO]: [RaspberryJuice] Using RELATIVE locations
[16:39:03] [Server thread/INFO]: [RaspberryJuice] ThreadListener Started
[16:39:03] [Server thread/INFO]: Server permissions file permissions.yml is empty, ignoring it
[16:39:03] [Server thread/INFO]: Done (2.680s)! For help, type "help" or "?"
[16:39:10] [Server thread/INFO]: This server is running CraftBukkit version git-Bukkit-1c3428e (MC: 1.11.2) (Implementing API version 1.11.2-R0.1-SNAPSHOT)[m
[16:39:10] [Server thread/INFO]: Checking version, please wait...[m
[16:39:10] [Thread-9/INFO]: You are running the latest version[m
[16:39:17] [Server thread/INFO]: Stopping the server
[16:39:17] [Server thread/INFO]: Stopping server
[16:39:17] [Server thread/INFO]: [RaspberryJuice] Disabling RaspberryJuice v1.9
[16:39:17] [Server thread/INFO]: [RaspberryJuice] Raspberry Juice Stopped
[16:39:17] [Server thread/INFO]: Saving players
[16:39:17] [Server thread/INFO]: Saving worlds
[16:39:17] [Server thread/INFO]: Saving chunks for level 'world'/Overworld
[16:39:17] [Server thread/INFO]: Saving chunks for level 'world_nether'/Nether
[16:39:17] [Server thread/INFO]: Saving chunks for level 'world_the_end'/The End
